<?xml version="1.0" encoding="UTF-8"?>
<coverage generated="1690960406">
  <project timestamp="1690960406">
    <file name="/var/www/laravel-livewire-tables-v3/src/Commands/MakeCommand.php">
      <class name="Rappasoft\LaravelLivewireTables\Commands\MakeCommand" namespace="global">
        <metrics complexity="17" methods="6" coveredmethods="0" conditionals="0" coveredconditionals="0" statements="53" coveredstatements="0" elements="59" coveredelements="0"/>
      </class>
      <line num="50" type="method" name="handle" visibility="public" complexity="2" crap="6" count="0"/>
      <line num="52" type="stmt" count="0"/>
      <line num="53" type="stmt" count="0"/>
      <line num="54" type="stmt" count="0"/>
      <line num="55" type="stmt" count="0"/>
      <line num="56" type="stmt" count="0"/>
      <line num="58" type="stmt" count="0"/>
      <line num="60" type="stmt" count="0"/>
      <line num="61" type="stmt" count="0"/>
      <line num="63" type="stmt" count="0"/>
      <line num="66" type="stmt" count="0"/>
      <line num="67" type="stmt" count="0"/>
      <line num="69" type="stmt" count="0"/>
      <line num="71" type="stmt" count="0"/>
      <line num="73" type="stmt" count="0"/>
      <line num="76" type="method" name="createClass" visibility="protected" complexity="3" crap="12" count="0"/>
      <line num="78" type="stmt" count="0"/>
      <line num="80" type="stmt" count="0"/>
      <line num="81" type="stmt" count="0"/>
      <line num="83" type="stmt" count="0"/>
      <line num="86" type="stmt" count="0"/>
      <line num="88" type="stmt" count="0"/>
      <line num="90" type="stmt" count="0"/>
      <line num="96" type="method" name="ensureDirectoryExists" visibility="protected" complexity="2" crap="6" count="0"/>
      <line num="98" type="stmt" count="0"/>
      <line num="99" type="stmt" count="0"/>
      <line num="103" type="method" name="classContents" visibility="public" complexity="1" crap="2" count="0"/>
      <line num="105" type="stmt" count="0"/>
      <line num="106" type="stmt" count="0"/>
      <line num="107" type="stmt" count="0"/>
      <line num="108" type="stmt" count="0"/>
      <line num="109" type="stmt" count="0"/>
      <line num="112" type="method" name="getModelImport" visibility="public" complexity="5" crap="30" count="0"/>
      <line num="114" type="stmt" count="0"/>
      <line num="115" type="stmt" count="0"/>
      <line num="118" type="stmt" count="0"/>
      <line num="119" type="stmt" count="0"/>
      <line num="122" type="stmt" count="0"/>
      <line num="123" type="stmt" count="0"/>
      <line num="125" type="stmt" count="0"/>
      <line num="129" type="stmt" count="0"/>
      <line num="131" type="stmt" count="0"/>
      <line num="137" type="method" name="generateColumns" visibility="private" complexity="4" crap="20" count="0"/>
      <line num="139" type="stmt" count="0"/>
      <line num="141" type="stmt" count="0"/>
      <line num="142" type="stmt" count="0"/>
      <line num="145" type="stmt" count="0"/>
      <line num="146" type="stmt" count="0"/>
      <line num="147" type="stmt" count="0"/>
      <line num="148" type="stmt" count="0"/>
      <line num="149" type="stmt" count="0"/>
      <line num="151" type="stmt" count="0"/>
      <line num="153" type="stmt" count="0"/>
      <line num="154" type="stmt" count="0"/>
      <line num="155" type="stmt" count="0"/>
      <line num="158" type="stmt" count="0"/>
      <line num="160" type="stmt" count="0"/>
      <line num="163" type="stmt" count="0"/>
      <line num="165" type="stmt" count="0"/>
      <metrics loc="168" ncloc="140" classes="1" methods="6" coveredmethods="0" conditionals="0" coveredconditionals="0" statements="53" coveredstatements="0" elements="59" coveredelements="0"/>
    </file>
    <file name="/var/www/laravel-livewire-tables-v3/src/DataTableComponent.php">
      <class name="Rappasoft\LaravelLivewireTables\DataTableComponent" namespace="global">
        <metrics complexity="8" methods="6" coveredmethods="4" conditionals="0" coveredconditionals="0" statements="24" coveredstatements="22" elements="30" coveredelements="26"/>
      </class>
      <line num="53" type="method" name="generateDataTableFingerprint" visibility="protected" complexity="1" crap="1" count="545"/>
      <line num="55" type="stmt" count="545"/>
      <line num="56" type="stmt" count="545"/>
      <line num="58" type="stmt" count="545"/>
      <line num="64" type="method" name="boot" visibility="public" complexity="1" crap="1" count="545"/>
      <line num="67" type="stmt" count="545"/>
      <line num="72" type="method" name="booted" visibility="public" complexity="2" crap="2.03" count="545"/>
      <line num="75" type="stmt" count="545"/>
      <line num="78" type="stmt" count="545"/>
      <line num="81" type="stmt" count="545"/>
      <line num="84" type="stmt" count="545"/>
      <line num="85" type="stmt" count="0"/>
      <line num="102" type="method" name="builder" visibility="public" complexity="2" crap="2.15" count="545"/>
      <line num="104" type="stmt" count="545"/>
      <line num="105" type="stmt" count="545"/>
      <line num="108" type="stmt" count="0"/>
      <line num="114" type="method" name="customView" visibility="public" complexity="1" crap="1" count="545"/>
      <line num="116" type="stmt" count="545"/>
      <line num="122" type="method" name="render" visibility="public" complexity="1" crap="1" count="545"/>
      <line num="124" type="stmt" count="545"/>
      <line num="125" type="stmt" count="545"/>
      <line num="126" type="stmt" count="545"/>
      <line num="127" type="stmt" count="545"/>
      <line num="128" type="stmt" count="545"/>
      <line num="130" type="stmt" count="545"/>
      <line num="131" type="stmt" count="545"/>
      <line num="132" type="stmt" count="545"/>
      <line num="133" type="stmt" count="545"/>
      <line num="134" type="stmt" count="545"/>
      <line num="135" type="stmt" count="545"/>
      <metrics loc="138" ncloc="109" classes="1" methods="6" coveredmethods="4" conditionals="0" coveredconditionals="0" statements="24" coveredstatements="22" elements="30" coveredelements="26"/>
    </file>
    <file name="/var/www/laravel-livewire-tables-v3/src/DataTransferObjects/DebuggableData.php">
      <class name="Rappasoft\LaravelLivewireTables\DataTransferObjects\DebuggableData" namespace="global">
        <metrics complexity="2" methods="2" coveredmethods="0" conditionals="0" coveredconditionals="0" statements="9" coveredstatements="0" elements="11" coveredelements="0"/>
      </class>
      <line num="11" type="method" name="__construct" visibility="public" complexity="1" crap="2" count="0"/>
      <line num="13" type="stmt" count="0"/>
      <line num="16" type="method" name="toArray" visibility="public" complexity="1" crap="2" count="0"/>
      <line num="18" type="stmt" count="0"/>
      <line num="19" type="stmt" count="0"/>
      <line num="20" type="stmt" count="0"/>
      <line num="21" type="stmt" count="0"/>
      <line num="22" type="stmt" count="0"/>
      <line num="23" type="stmt" count="0"/>
      <line num="24" type="stmt" count="0"/>
      <line num="25" type="stmt" count="0"/>
      <metrics loc="28" ncloc="28" classes="1" methods="2" coveredmethods="0" conditionals="0" coveredconditionals="0" statements="9" coveredstatements="0" elements="11" coveredelements="0"/>
    </file>
    <file name="/var/www/laravel-livewire-tables-v3/src/Events/ColumnsSelected.php">
      <class name="Rappasoft\LaravelLivewireTables\Events\ColumnsSelected" namespace="global">
        <metrics complexity="1" methods="1" coveredmethods="1" conditionals="0" coveredconditionals="0" statements="2" coveredstatements="2" elements="3" coveredelements="3"/>
      </class>
      <line num="16" type="method" name="__construct" visibility="public" complexity="1" crap="1" count="2"/>
      <line num="18" type="stmt" count="2"/>
      <line num="19" type="stmt" count="2"/>
      <metrics loc="22" ncloc="22" classes="1" methods="1" coveredmethods="1" conditionals="0" coveredconditionals="0" statements="2" coveredstatements="2" elements="3" coveredelements="3"/>
    </file>
    <file name="/var/www/laravel-livewire-tables-v3/src/Exceptions/DataTableConfigurationException.php">
      <class name="Rappasoft\LaravelLivewireTables\Exceptions\DataTableConfigurationException" namespace="global">
        <metrics complexity="0" methods="0" coveredmethods="0" conditionals="0" coveredconditionals="0" statements="0" coveredstatements="0" elements="0" coveredelements="0"/>
      </class>
      <metrics loc="8" ncloc="8" classes="0" methods="0" coveredmethods="0" conditionals="0" coveredconditionals="0" statements="0" coveredstatements="0" elements="0" coveredelements="0"/>
    </file>
    <file name="/var/www/laravel-livewire-tables-v3/src/Features/AutoInjectRappasoftAssets.php">
      <class name="Rappasoft\LaravelLivewireTables\Features\AutoInjectRappasoftAssets" namespace="global">
        <metrics complexity="8" methods="3" coveredmethods="1" conditionals="0" coveredconditionals="0" statements="26" coveredstatements="11" elements="29" coveredelements="12"/>
      </class>
      <line num="16" type="method" name="provide" visibility="public" complexity="4" crap="4.20" count="545"/>
      <line num="18" type="stmt" count="545"/>
      <line num="19" type="stmt" count="77"/>
      <line num="20" type="stmt" count="77"/>
      <line num="21" type="stmt" count="545"/>
      <line num="23" type="stmt" count="545"/>
      <line num="24" type="stmt" count="0"/>
      <line num="27" type="stmt" count="545"/>
      <line num="29" type="stmt" count="77"/>
      <line num="30" type="stmt" count="0"/>
      <line num="33" type="stmt" count="77"/>
      <line num="35" type="stmt" count="77"/>
      <line num="36" type="stmt" count="0"/>
      <line num="38" type="stmt" count="545"/>
      <line num="41" type="method" name="dehydrate" visibility="public" complexity="1" crap="1" count="77"/>
      <line num="43" type="stmt" count="77"/>
      <line num="46" type="method" name="injectAssets" visibility="public" complexity="3" crap="12" count="0"/>
      <line num="48" type="stmt" count="0"/>
      <line num="49" type="stmt" count="0"/>
      <line num="51" type="stmt" count="0"/>
      <line num="53" type="stmt" count="0"/>
      <line num="54" type="stmt" count="0"/>
      <line num="55" type="stmt" count="0"/>
      <line num="56" type="stmt" count="0"/>
      <line num="57" type="stmt" count="0"/>
      <line num="60" type="stmt" count="0"/>
      <line num="61" type="stmt" count="0"/>
      <line num="62" type="stmt" count="0"/>
      <line num="63" type="stmt" count="0"/>
      <metrics loc="66" ncloc="66" classes="1" methods="3" coveredmethods="1" conditionals="0" coveredconditionals="0" statements="26" coveredstatements="11" elements="29" coveredelements="12"/>
    </file>
    <file name="/var/www/laravel-livewire-tables-v3/src/LaravelLivewireTablesServiceProvider.php">
      <class name="Rappasoft\LaravelLivewireTables\LaravelLivewireTablesServiceProvider" namespace="global">
        <metrics complexity="3" methods="2" coveredmethods="2" conditionals="0" coveredconditionals="0" statements="29" coveredstatements="29" elements="31" coveredelements="31"/>
      </class>
      <line num="14" type="method" name="boot" visibility="public" complexity="2" crap="2" count="545"/>
      <line num="17" type="stmt" count="545"/>
      <line num="19" type="stmt" count="545"/>
      <line num="20" type="stmt" count="545"/>
      <line num="21" type="stmt" count="545"/>
      <line num="23" type="stmt" count="545"/>
      <line num="25" type="stmt" count="545"/>
      <line num="27" type="stmt" count="545"/>
      <line num="28" type="stmt" count="545"/>
      <line num="29" type="stmt" count="545"/>
      <line num="30" type="stmt" count="545"/>
      <line num="32" type="stmt" count="545"/>
      <line num="33" type="stmt" count="545"/>
      <line num="34" type="stmt" count="545"/>
      <line num="36" type="stmt" count="545"/>
      <line num="37" type="stmt" count="545"/>
      <line num="38" type="stmt" count="545"/>
      <line num="40" type="stmt" count="545"/>
      <line num="41" type="stmt" count="545"/>
      <line num="42" type="stmt" count="545"/>
      <line num="44" type="stmt" count="545"/>
      <line num="45" type="stmt" count="545"/>
      <line num="46" type="stmt" count="545"/>
      <line num="48" type="stmt" count="545"/>
      <line num="49" type="stmt" count="545"/>
      <line num="50" type="stmt" count="545"/>
      <line num="54" type="method" name="register" visibility="public" complexity="1" crap="1" count="545"/>
      <line num="56" type="stmt" count="545"/>
      <line num="57" type="stmt" count="545"/>
      <line num="58" type="stmt" count="545"/>
      <line num="59" type="stmt" count="545"/>
      <metrics loc="62" ncloc="62" classes="1" methods="2" coveredmethods="2" conditionals="0" coveredconditionals="0" statements="29" coveredstatements="29" elements="31" coveredelements="31"/>
    </file>
    <file name="/var/www/laravel-livewire-tables-v3/src/Mechanisms/RappasoftFrontendAssets.php">
      <class name="Rappasoft\LaravelLivewireTables\Mechanisms\RappasoftFrontendAssets" namespace="global">
        <metrics complexity="20" methods="17" coveredmethods="4" conditionals="0" coveredconditionals="0" statements="70" coveredstatements="15" elements="87" coveredelements="19"/>
      </class>
      <line num="23" type="method" name="register" visibility="public" complexity="1" crap="1" count="545"/>
      <line num="25" type="stmt" count="545"/>
      <line num="28" type="method" name="boot" visibility="public" complexity="1" crap="1" count="545"/>
      <line num="30" type="stmt" count="545"/>
      <line num="31" type="stmt" count="545"/>
      <line num="33" type="stmt" count="545"/>
      <line num="34" type="stmt" count="545"/>
      <line num="36" type="stmt" count="545"/>
      <line num="37" type="stmt" count="545"/>
      <line num="39" type="stmt" count="545"/>
      <line num="40" type="stmt" count="545"/>
      <line num="42" type="stmt" count="545"/>
      <line num="43" type="stmt" count="545"/>
      <line num="46" type="method" name="useRappasoftScriptTagAttributes" visibility="public" complexity="1" crap="2" count="0"/>
      <line num="48" type="stmt" count="0"/>
      <line num="51" type="method" name="setRappaScriptRoute" visibility="public" complexity="1" crap="1" count="545"/>
      <line num="53" type="stmt" count="545"/>
      <line num="55" type="stmt" count="545"/>
      <line num="58" type="method" name="setRappaStylesRoute" visibility="public" complexity="1" crap="1" count="545"/>
      <line num="60" type="stmt" count="545"/>
      <line num="62" type="stmt" count="545"/>
      <line num="65" type="method" name="rappasoftScripts" visibility="public" complexity="1" crap="2" count="0"/>
      <line num="67" type="stmt" count="0"/>
      <line num="70" type="method" name="rappasoftStyles" visibility="public" complexity="1" crap="2" count="0"/>
      <line num="72" type="stmt" count="0"/>
      <line num="75" type="method" name="returnJavaScriptAsFile" visibility="public" complexity="1" crap="2" count="0"/>
      <line num="77" type="stmt" count="0"/>
      <line num="80" type="method" name="returnStylesAsFile" visibility="public" complexity="1" crap="2" count="0"/>
      <line num="82" type="stmt" count="0"/>
      <line num="85" type="method" name="pretendResponseIsCSS" visibility="protected" complexity="1" crap="2" count="0"/>
      <line num="87" type="stmt" count="0"/>
      <line num="88" type="stmt" count="0"/>
      <line num="89" type="stmt" count="0"/>
      <line num="91" type="stmt" count="0"/>
      <line num="92" type="stmt" count="0"/>
      <line num="93" type="stmt" count="0"/>
      <line num="94" type="stmt" count="0"/>
      <line num="95" type="stmt" count="0"/>
      <line num="96" type="stmt" count="0"/>
      <line num="98" type="stmt" count="0"/>
      <line num="101" type="method" name="pretendResponseIsJs" visibility="protected" complexity="1" crap="2" count="0"/>
      <line num="103" type="stmt" count="0"/>
      <line num="104" type="stmt" count="0"/>
      <line num="105" type="stmt" count="0"/>
      <line num="107" type="stmt" count="0"/>
      <line num="108" type="stmt" count="0"/>
      <line num="109" type="stmt" count="0"/>
      <line num="110" type="stmt" count="0"/>
      <line num="111" type="stmt" count="0"/>
      <line num="112" type="stmt" count="0"/>
      <line num="114" type="stmt" count="0"/>
      <line num="117" type="method" name="maps" visibility="public" complexity="1" crap="2" count="0"/>
      <line num="119" type="stmt" count="0"/>
      <line num="122" type="method" name="styles" visibility="public" complexity="2" crap="6" count="0"/>
      <line num="124" type="stmt" count="0"/>
      <line num="126" type="stmt" count="0"/>
      <line num="128" type="stmt" count="0"/>
      <line num="131" type="stmt" count="0"/>
      <line num="133" type="stmt" count="0"/>
      <line num="135" type="stmt" count="0"/>
      <line num="139" type="method" name="scripts" visibility="public" complexity="2" crap="6" count="0"/>
      <line num="141" type="stmt" count="0"/>
      <line num="143" type="stmt" count="0"/>
      <line num="145" type="stmt" count="0"/>
      <line num="148" type="stmt" count="0"/>
      <line num="150" type="stmt" count="0"/>
      <line num="152" type="stmt" count="0"/>
      <line num="155" type="method" name="css" visibility="public" complexity="1" crap="2" count="0"/>
      <line num="157" type="stmt" count="0"/>
      <line num="158" type="stmt" count="0"/>
      <line num="160" type="stmt" count="0"/>
      <line num="162" type="stmt" count="0"/>
      <line num="163" type="stmt" count="0"/>
      <line num="164" type="stmt" count="0"/>
      <line num="167" type="method" name="js" visibility="public" complexity="2" crap="6" count="0"/>
      <line num="170" type="stmt" count="0"/>
      <line num="172" type="stmt" count="0"/>
      <line num="174" type="stmt" count="0"/>
      <line num="178" type="stmt" count="0"/>
      <line num="180" type="stmt" count="0"/>
      <line num="181" type="stmt" count="0"/>
      <line num="182" type="stmt" count="0"/>
      <line num="184" type="stmt" count="0"/>
      <line num="185" type="stmt" count="0"/>
      <line num="186" type="stmt" count="0"/>
      <line num="189" type="method" name="minify" visibility="protected" complexity="1" crap="2" count="0"/>
      <line num="191" type="stmt" count="0"/>
      <metrics loc="194" ncloc="190" classes="1" methods="17" coveredmethods="4" conditionals="0" coveredconditionals="0" statements="70" coveredstatements="15" elements="87" coveredelements="19"/>
    </file>
    <file name="/var/www/laravel-livewire-tables-v3/src/Traits/ComponentUtilities.php">
      <class name="Rappasoft\LaravelLivewireTables\Traits\ComponentUtilities" namespace="global">
        <metrics complexity="11" methods="4" coveredmethods="2" conditionals="0" coveredconditionals="0" statements="26" coveredstatements="23" elements="30" coveredelements="25"/>
      </class>
      <line num="82" type="method" name="mountComponentUtilities" visibility="public" complexity="2" crap="2" count="77"/>
      <line num="85" type="stmt" count="77"/>
      <line num="86" type="stmt" count="77"/>
      <line num="95" type="method" name="queryString" visibility="protected" complexity="2" crap="2.01" count="77"/>
      <line num="97" type="stmt" count="77"/>
      <line num="98" type="stmt" count="77"/>
      <line num="99" type="stmt" count="77"/>
      <line num="100" type="stmt" count="77"/>
      <line num="101" type="stmt" count="77"/>
      <line num="102" type="stmt" count="77"/>
      <line num="103" type="stmt" count="77"/>
      <line num="104" type="stmt" count="77"/>
      <line num="107" type="stmt" count="0"/>
      <line num="113" type="method" name="updated" visibility="public" complexity="6" crap="6.10" count="10"/>
      <line num="115" type="stmt" count="10"/>
      <line num="116" type="stmt" count="2"/>
      <line num="119" type="stmt" count="2"/>
      <line num="120" type="stmt" count="2"/>
      <line num="122" type="stmt" count="2"/>
      <line num="123" type="stmt" count="0"/>
      <line num="127" type="stmt" count="10"/>
      <line num="128" type="stmt" count="7"/>
      <line num="131" type="stmt" count="7"/>
      <line num="132" type="stmt" count="7"/>
      <line num="135" type="stmt" count="7"/>
      <line num="136" type="stmt" count="7"/>
      <line num="138" type="stmt" count="7"/>
      <line num="139" type="stmt" count="0"/>
      <line num="147" type="method" name="hydrate" visibility="public" complexity="1" crap="1" count="61"/>
      <line num="149" type="stmt" count="61"/>
      <metrics loc="152" ncloc="136" classes="1" methods="4" coveredmethods="2" conditionals="0" coveredconditionals="0" statements="26" coveredstatements="23" elements="30" coveredelements="25"/>
    </file>
    <file name="/var/www/laravel-livewire-tables-v3/src/Traits/Configuration/BulkActionsConfiguration.php">
      <class name="Rappasoft\LaravelLivewireTables\Traits\Configuration\BulkActionsConfiguration" namespace="global">
        <metrics complexity="10" methods="10" coveredmethods="10" conditionals="0" coveredconditionals="0" statements="20" coveredstatements="20" elements="30" coveredelements="30"/>
      </class>
      <line num="10" type="method" name="setBulkActions" visibility="public" complexity="1" crap="1" count="9"/>
      <line num="12" type="stmt" count="9"/>
      <line num="14" type="stmt" count="9"/>
      <line num="17" type="method" name="setBulkActionsStatus" visibility="public" complexity="1" crap="1" count="20"/>
      <line num="19" type="stmt" count="20"/>
      <line num="21" type="stmt" count="20"/>
      <line num="24" type="method" name="setBulkActionsEnabled" visibility="public" complexity="1" crap="1" count="3"/>
      <line num="26" type="stmt" count="3"/>
      <line num="28" type="stmt" count="3"/>
      <line num="31" type="method" name="setBulkActionsDisabled" visibility="public" complexity="1" crap="1" count="20"/>
      <line num="33" type="stmt" count="20"/>
      <line num="35" type="stmt" count="20"/>
      <line num="38" type="method" name="setSelectAllStatus" visibility="public" complexity="1" crap="1" count="28"/>
      <line num="40" type="stmt" count="28"/>
      <line num="42" type="stmt" count="28"/>
      <line num="45" type="method" name="setSelectAllEnabled" visibility="public" complexity="1" crap="1" count="7"/>
      <line num="47" type="stmt" count="7"/>
      <line num="49" type="stmt" count="7"/>
      <line num="52" type="method" name="setSelectAllDisabled" visibility="public" complexity="1" crap="1" count="27"/>
      <line num="54" type="stmt" count="27"/>
      <line num="56" type="stmt" count="27"/>
      <line num="59" type="method" name="setHideBulkActionsWhenEmptyStatus" visibility="public" complexity="1" crap="1" count="3"/>
      <line num="61" type="stmt" count="3"/>
      <line num="63" type="stmt" count="3"/>
      <line num="66" type="method" name="setHideBulkActionsWhenEmptyEnabled" visibility="public" complexity="1" crap="1" count="3"/>
      <line num="68" type="stmt" count="3"/>
      <line num="70" type="stmt" count="3"/>
      <line num="73" type="method" name="setHideBulkActionsWhenEmptyDisabled" visibility="public" complexity="1" crap="1" count="3"/>
      <line num="75" type="stmt" count="3"/>
      <line num="77" type="stmt" count="3"/>
      <metrics loc="80" ncloc="77" classes="1" methods="10" coveredmethods="10" conditionals="0" coveredconditionals="0" statements="20" coveredstatements="20" elements="30" coveredelements="30"/>
    </file>
    <file name="/var/www/laravel-livewire-tables-v3/src/Traits/Configuration/ColumnSelectConfiguration.php">
      <class name="Rappasoft\LaravelLivewireTables\Traits\Configuration\ColumnSelectConfiguration" namespace="global">
        <metrics complexity="6" methods="6" coveredmethods="6" conditionals="0" coveredconditionals="0" statements="12" coveredstatements="12" elements="18" coveredelements="18"/>
      </class>
      <line num="7" type="method" name="setColumnSelectStatus" visibility="public" complexity="1" crap="1" count="2"/>
      <line num="9" type="stmt" count="2"/>
      <line num="11" type="stmt" count="2"/>
      <line num="14" type="method" name="setColumnSelectEnabled" visibility="public" complexity="1" crap="1" count="2"/>
      <line num="16" type="stmt" count="2"/>
      <line num="18" type="stmt" count="2"/>
      <line num="21" type="method" name="setColumnSelectDisabled" visibility="public" complexity="1" crap="1" count="2"/>
      <line num="23" type="stmt" count="2"/>
      <line num="25" type="stmt" count="2"/>
      <line num="28" type="method" name="setRememberColumnSelectionStatus" visibility="public" complexity="1" crap="1" count="2"/>
      <line num="30" type="stmt" count="2"/>
      <line num="32" type="stmt" count="2"/>
      <line num="35" type="method" name="setRememberColumnSelectionEnabled" visibility="public" complexity="1" crap="1" count="2"/>
      <line num="37" type="stmt" count="2"/>
      <line num="39" type="stmt" count="2"/>
      <line num="42" type="method" name="setRememberColumnSelectionDisabled" visibility="public" complexity="1" crap="1" count="2"/>
      <line num="44" type="stmt" count="2"/>
      <line num="46" type="stmt" count="2"/>
      <metrics loc="49" ncloc="49" classes="1" methods="6" coveredmethods="6" conditionals="0" coveredconditionals="0" statements="12" coveredstatements="12" elements="18" coveredelements="18"/>
    </file>
    <file name="/var/www/laravel-livewire-tables-v3/src/Traits/Configuration/ComponentConfiguration.php">
      <class name="Rappasoft\LaravelLivewireTables\Traits\Configuration\ComponentConfiguration" namespace="global">
        <metrics complexity="33" methods="32" coveredmethods="31" conditionals="0" coveredconditionals="0" statements="66" coveredstatements="65" elements="98" coveredelements="96"/>
      </class>
      <line num="7" type="method" name="setPrimaryKey" visibility="public" complexity="1" crap="1" count="545"/>
      <line num="9" type="stmt" count="545"/>
      <line num="11" type="stmt" count="545"/>
      <line num="20" type="method" name="setComponentWrapperAttributes" visibility="public" complexity="1" crap="1" count="1"/>
      <line num="22" type="stmt" count="1"/>
      <line num="24" type="stmt" count="1"/>
      <line num="32" type="method" name="setTableWrapperAttributes" visibility="public" complexity="1" crap="1" count="1"/>
      <line num="34" type="stmt" count="1"/>
      <line num="36" type="stmt" count="1"/>
      <line num="44" type="method" name="setTableAttributes" visibility="public" complexity="1" crap="1" count="2"/>
      <line num="46" type="stmt" count="2"/>
      <line num="48" type="stmt" count="2"/>
      <line num="56" type="method" name="setTheadAttributes" visibility="public" complexity="1" crap="1" count="1"/>
      <line num="58" type="stmt" count="1"/>
      <line num="60" type="stmt" count="1"/>
      <line num="68" type="method" name="setTbodyAttributes" visibility="public" complexity="1" crap="1" count="1"/>
      <line num="70" type="stmt" count="1"/>
      <line num="72" type="stmt" count="1"/>
      <line num="78" type="method" name="setThAttributes" visibility="public" complexity="1" crap="1" count="1"/>
      <line num="80" type="stmt" count="1"/>
      <line num="82" type="stmt" count="1"/>
      <line num="88" type="method" name="setThSortButtonAttributes" visibility="public" complexity="1" crap="1" count="1"/>
      <line num="90" type="stmt" count="1"/>
      <line num="92" type="stmt" count="1"/>
      <line num="98" type="method" name="setTrAttributes" visibility="public" complexity="1" crap="1" count="1"/>
      <line num="100" type="stmt" count="1"/>
      <line num="102" type="stmt" count="1"/>
      <line num="108" type="method" name="setTdAttributes" visibility="public" complexity="1" crap="1" count="1"/>
      <line num="110" type="stmt" count="1"/>
      <line num="112" type="stmt" count="1"/>
      <line num="118" type="method" name="setEmptyMessage" visibility="public" complexity="1" crap="1" count="1"/>
      <line num="120" type="stmt" count="1"/>
      <line num="122" type="stmt" count="1"/>
      <line num="125" type="method" name="setOfflineIndicatorStatus" visibility="public" complexity="1" crap="1" count="2"/>
      <line num="127" type="stmt" count="2"/>
      <line num="129" type="stmt" count="2"/>
      <line num="132" type="method" name="setOfflineIndicatorEnabled" visibility="public" complexity="1" crap="1" count="1"/>
      <line num="134" type="stmt" count="1"/>
      <line num="136" type="stmt" count="1"/>
      <line num="139" type="method" name="setOfflineIndicatorDisabled" visibility="public" complexity="1" crap="1" count="2"/>
      <line num="141" type="stmt" count="2"/>
      <line num="143" type="stmt" count="2"/>
      <line num="146" type="method" name="setQueryStringStatus" visibility="public" complexity="1" crap="1" count="2"/>
      <line num="148" type="stmt" count="2"/>
      <line num="150" type="stmt" count="2"/>
      <line num="153" type="method" name="setQueryStringEnabled" visibility="public" complexity="1" crap="1" count="1"/>
      <line num="155" type="stmt" count="1"/>
      <line num="157" type="stmt" count="1"/>
      <line num="160" type="method" name="setQueryStringDisabled" visibility="public" complexity="1" crap="1" count="2"/>
      <line num="162" type="stmt" count="2"/>
      <line num="164" type="stmt" count="2"/>
      <line num="167" type="method" name="setEagerLoadAllRelationsStatus" visibility="public" complexity="1" crap="1" count="2"/>
      <line num="169" type="stmt" count="2"/>
      <line num="171" type="stmt" count="2"/>
      <line num="174" type="method" name="setEagerLoadAllRelationsEnabled" visibility="public" complexity="1" crap="1" count="2"/>
      <line num="176" type="stmt" count="2"/>
      <line num="178" type="stmt" count="2"/>
      <line num="181" type="method" name="setEagerLoadAllRelationsDisabled" visibility="public" complexity="1" crap="1" count="2"/>
      <line num="183" type="stmt" count="2"/>
      <line num="185" type="stmt" count="2"/>
      <line num="188" type="method" name="setCollapsingColumnsStatus" visibility="public" complexity="1" crap="1" count="18"/>
      <line num="190" type="stmt" count="18"/>
      <line num="192" type="stmt" count="18"/>
      <line num="195" type="method" name="setCollapsingColumnsEnabled" visibility="public" complexity="1" crap="1" count="1"/>
      <line num="197" type="stmt" count="1"/>
      <line num="199" type="stmt" count="1"/>
      <line num="202" type="method" name="setCollapsingColumnsDisabled" visibility="public" complexity="1" crap="1" count="18"/>
      <line num="204" type="stmt" count="18"/>
      <line num="206" type="stmt" count="18"/>
      <line num="209" type="method" name="setTableRowUrl" visibility="public" complexity="1" crap="1" count="3"/>
      <line num="211" type="stmt" count="3"/>
      <line num="213" type="stmt" count="3"/>
      <line num="216" type="method" name="setTableRowUrlTarget" visibility="public" complexity="1" crap="1" count="1"/>
      <line num="218" type="stmt" count="1"/>
      <line num="220" type="stmt" count="1"/>
      <line num="223" type="method" name="setAdditionalSelects" visibility="public" complexity="2" crap="2.06" count="1"/>
      <line num="225" type="stmt" count="1"/>
      <line num="226" type="stmt" count="0"/>
      <line num="229" type="stmt" count="1"/>
      <line num="231" type="stmt" count="1"/>
      <line num="237" type="method" name="setConfigurableAreas" visibility="public" complexity="1" crap="1" count="2"/>
      <line num="239" type="stmt" count="2"/>
      <line num="241" type="stmt" count="2"/>
      <line num="244" type="method" name="setHideConfigurableAreasWhenReorderingStatus" visibility="public" complexity="1" crap="1" count="2"/>
      <line num="246" type="stmt" count="2"/>
      <line num="248" type="stmt" count="2"/>
      <line num="251" type="method" name="setHideConfigurableAreasWhenReorderingEnabled" visibility="public" complexity="1" crap="1" count="2"/>
      <line num="253" type="stmt" count="2"/>
      <line num="255" type="stmt" count="2"/>
      <line num="258" type="method" name="setHideConfigurableAreasWhenReorderingDisabled" visibility="public" complexity="1" crap="1" count="2"/>
      <line num="260" type="stmt" count="2"/>
      <line num="262" type="stmt" count="2"/>
      <line num="265" type="method" name="setDataTableFingerprint" visibility="public" complexity="1" crap="1" count="2"/>
      <line num="267" type="stmt" count="2"/>
      <line num="269" type="stmt" count="2"/>
      <line num="272" type="method" name="setQueryStringAlias" visibility="public" complexity="1" crap="1" count="2"/>
      <line num="274" type="stmt" count="2"/>
      <line num="276" type="stmt" count="2"/>
      <metrics loc="279" ncloc="235" classes="1" methods="32" coveredmethods="31" conditionals="0" coveredconditionals="0" statements="66" coveredstatements="65" elements="98" coveredelements="96"/>
    </file>
    <file name="/var/www/laravel-livewire-tables-v3/src/Traits/Configuration/DebuggingConfiguration.php">
      <class name="Rappasoft\LaravelLivewireTables\Traits\Configuration\DebuggingConfiguration" namespace="global">
        <metrics complexity="3" methods="3" coveredmethods="3" conditionals="0" coveredconditionals="0" statements="6" coveredstatements="6" elements="9" coveredelements="9"/>
      </class>
      <line num="7" type="method" name="setDebugStatus" visibility="public" complexity="1" crap="1" count="3"/>
      <line num="9" type="stmt" count="3"/>
      <line num="11" type="stmt" count="3"/>
      <line num="14" type="method" name="setDebugEnabled" visibility="public" complexity="1" crap="1" count="3"/>
      <line num="16" type="stmt" count="3"/>
      <line num="18" type="stmt" count="3"/>
      <line num="21" type="method" name="setDebugDisabled" visibility="public" complexity="1" crap="1" count="2"/>
      <line num="23" type="stmt" count="2"/>
      <line num="25" type="stmt" count="2"/>
      <metrics loc="28" ncloc="28" classes="1" methods="3" coveredmethods="3" conditionals="0" coveredconditionals="0" statements="6" coveredstatements="6" elements="9" coveredelements="9"/>
    </file>
    <file name="/var/www/laravel-livewire-tables-v3/src/Traits/Configuration/FilterConfiguration.php">
      <class name="Rappasoft\LaravelLivewireTables\Traits\Configuration\FilterConfiguration" namespace="global">
        <metrics complexity="16" methods="15" coveredmethods="14" conditionals="0" coveredconditionals="0" statements="32" coveredstatements="30" elements="47" coveredelements="44"/>
      </class>
      <line num="9" type="method" name="setFiltersStatus" visibility="public" complexity="1" crap="1" count="19"/>
      <line num="11" type="stmt" count="19"/>
      <line num="13" type="stmt" count="19"/>
      <line num="16" type="method" name="setFiltersEnabled" visibility="public" complexity="1" crap="1" count="2"/>
      <line num="18" type="stmt" count="2"/>
      <line num="20" type="stmt" count="2"/>
      <line num="23" type="method" name="setFiltersDisabled" visibility="public" complexity="1" crap="1" count="19"/>
      <line num="25" type="stmt" count="19"/>
      <line num="27" type="stmt" count="19"/>
      <line num="30" type="method" name="setFiltersVisibilityStatus" visibility="public" complexity="1" crap="1" count="5"/>
      <line num="32" type="stmt" count="5"/>
      <line num="34" type="stmt" count="5"/>
      <line num="37" type="method" name="setFiltersVisibilityEnabled" visibility="public" complexity="1" crap="1" count="4"/>
      <line num="39" type="stmt" count="4"/>
      <line num="41" type="stmt" count="4"/>
      <line num="44" type="method" name="setFiltersVisibilityDisabled" visibility="public" complexity="1" crap="1" count="3"/>
      <line num="46" type="stmt" count="3"/>
      <line num="48" type="stmt" count="3"/>
      <line num="51" type="method" name="setFilterPillsStatus" visibility="public" complexity="1" crap="1" count="4"/>
      <line num="53" type="stmt" count="4"/>
      <line num="55" type="stmt" count="4"/>
      <line num="58" type="method" name="setFilterPillsEnabled" visibility="public" complexity="1" crap="1" count="2"/>
      <line num="60" type="stmt" count="2"/>
      <line num="62" type="stmt" count="2"/>
      <line num="65" type="method" name="setFilterPillsDisabled" visibility="public" complexity="1" crap="1" count="4"/>
      <line num="67" type="stmt" count="4"/>
      <line num="69" type="stmt" count="4"/>
      <line num="72" type="method" name="setFilterLayout" visibility="public" complexity="2" crap="2" count="2"/>
      <line num="74" type="stmt" count="2"/>
      <line num="75" type="stmt" count="1"/>
      <line num="78" type="stmt" count="2"/>
      <line num="80" type="stmt" count="2"/>
      <line num="83" type="method" name="setFilterLayoutPopover" visibility="public" complexity="1" crap="2" count="0"/>
      <line num="85" type="stmt" count="0"/>
      <line num="87" type="stmt" count="0"/>
      <line num="90" type="method" name="setFilterLayoutSlideDown" visibility="public" complexity="1" crap="1" count="1"/>
      <line num="92" type="stmt" count="1"/>
      <line num="94" type="stmt" count="1"/>
      <line num="97" type="method" name="setFilterSlideDownDefaultStatus" visibility="public" complexity="1" crap="1" count="3"/>
      <line num="99" type="stmt" count="3"/>
      <line num="101" type="stmt" count="3"/>
      <line num="104" type="method" name="setFilterSlideDownDefaultStatusDisabled" visibility="public" complexity="1" crap="1" count="2"/>
      <line num="106" type="stmt" count="2"/>
      <line num="108" type="stmt" count="2"/>
      <line num="111" type="method" name="setFilterSlideDownDefaultStatusEnabled" visibility="public" complexity="1" crap="1" count="2"/>
      <line num="113" type="stmt" count="2"/>
      <line num="115" type="stmt" count="2"/>
      <metrics loc="118" ncloc="118" classes="1" methods="15" coveredmethods="14" conditionals="0" coveredconditionals="0" statements="32" coveredstatements="30" elements="47" coveredelements="44"/>
    </file>
    <file name="/var/www/laravel-livewire-tables-v3/src/Traits/Configuration/FooterConfiguration.php">
      <class name="Rappasoft\LaravelLivewireTables\Traits\Configuration\FooterConfiguration" namespace="global">
        <metrics complexity="8" methods="8" coveredmethods="8" conditionals="0" coveredconditionals="0" statements="16" coveredstatements="16" elements="24" coveredelements="24"/>
      </class>
      <line num="7" type="method" name="setFooterStatus" visibility="public" complexity="1" crap="1" count="18"/>
      <line num="9" type="stmt" count="18"/>
      <line num="11" type="stmt" count="18"/>
      <line num="14" type="method" name="setFooterEnabled" visibility="public" complexity="1" crap="1" count="2"/>
      <line num="16" type="stmt" count="2"/>
      <line num="18" type="stmt" count="2"/>
      <line num="21" type="method" name="setFooterDisabled" visibility="public" complexity="1" crap="1" count="18"/>
      <line num="23" type="stmt" count="18"/>
      <line num="25" type="stmt" count="18"/>
      <line num="28" type="method" name="setUseHeaderAsFooterStatus" visibility="public" complexity="1" crap="1" count="2"/>
      <line num="30" type="stmt" count="2"/>
      <line num="32" type="stmt" count="2"/>
      <line num="35" type="method" name="setUseHeaderAsFooterEnabled" visibility="public" complexity="1" crap="1" count="2"/>
      <line num="37" type="stmt" count="2"/>
      <line num="39" type="stmt" count="2"/>
      <line num="42" type="method" name="setUseHeaderAsFooterDisabled" visibility="public" complexity="1" crap="1" count="2"/>
      <line num="44" type="stmt" count="2"/>
      <line num="46" type="stmt" count="2"/>
      <line num="49" type="method" name="setFooterTrAttributes" visibility="public" complexity="1" crap="1" count="1"/>
      <line num="51" type="stmt" count="1"/>
      <line num="53" type="stmt" count="1"/>
      <line num="56" type="method" name="setFooterTdAttributes" visibility="public" complexity="1" crap="1" count="1"/>
      <line num="58" type="stmt" count="1"/>
      <line num="60" type="stmt" count="1"/>
      <metrics loc="63" ncloc="63" classes="1" methods="8" coveredmethods="8" conditionals="0" coveredconditionals="0" statements="16" coveredstatements="16" elements="24" coveredelements="24"/>
    </file>
    <file name="/var/www/laravel-livewire-tables-v3/src/Traits/Configuration/PaginationConfiguration.php">
      <class name="Rappasoft\LaravelLivewireTables\Traits\Configuration\PaginationConfiguration" namespace="global">
        <metrics complexity="15" methods="14" coveredmethods="14" conditionals="0" coveredconditionals="0" statements="30" coveredstatements="30" elements="44" coveredelements="44"/>
      </class>
      <line num="9" type="method" name="setPageName" visibility="public" complexity="1" crap="1" count="3"/>
      <line num="11" type="stmt" count="3"/>
      <line num="13" type="stmt" count="3"/>
      <line num="16" type="method" name="setPaginationTheme" visibility="public" complexity="1" crap="1" count="1"/>
      <line num="18" type="stmt" count="1"/>
      <line num="20" type="stmt" count="1"/>
      <line num="23" type="method" name="setPaginationStatus" visibility="public" complexity="1" crap="1" count="21"/>
      <line num="25" type="stmt" count="21"/>
      <line num="27" type="stmt" count="21"/>
      <line num="30" type="method" name="setPaginationEnabled" visibility="public" complexity="1" crap="1" count="2"/>
      <line num="32" type="stmt" count="2"/>
      <line num="34" type="stmt" count="2"/>
      <line num="37" type="method" name="setPaginationDisabled" visibility="public" complexity="1" crap="1" count="21"/>
      <line num="39" type="stmt" count="21"/>
      <line num="41" type="stmt" count="21"/>
      <line num="44" type="method" name="setPaginationVisibilityStatus" visibility="public" complexity="1" crap="1" count="5"/>
      <line num="46" type="stmt" count="5"/>
      <line num="48" type="stmt" count="5"/>
      <line num="51" type="method" name="setPaginationVisibilityEnabled" visibility="public" complexity="1" crap="1" count="2"/>
      <line num="53" type="stmt" count="2"/>
      <line num="55" type="stmt" count="2"/>
      <line num="58" type="method" name="setPaginationVisibilityDisabled" visibility="public" complexity="1" crap="1" count="5"/>
      <line num="60" type="stmt" count="5"/>
      <line num="62" type="stmt" count="5"/>
      <line num="65" type="method" name="setPerPageVisibilityStatus" visibility="public" complexity="1" crap="1" count="19"/>
      <line num="67" type="stmt" count="19"/>
      <line num="69" type="stmt" count="19"/>
      <line num="72" type="method" name="setPerPageVisibilityEnabled" visibility="public" complexity="1" crap="1" count="2"/>
      <line num="74" type="stmt" count="2"/>
      <line num="76" type="stmt" count="2"/>
      <line num="79" type="method" name="setPerPageVisibilityDisabled" visibility="public" complexity="1" crap="1" count="19"/>
      <line num="81" type="stmt" count="19"/>
      <line num="83" type="stmt" count="19"/>
      <line num="89" type="method" name="setPerPageAccepted" visibility="public" complexity="1" crap="1" count="21"/>
      <line num="91" type="stmt" count="21"/>
      <line num="93" type="stmt" count="21"/>
      <line num="99" type="method" name="setPerPage" visibility="public" complexity="2" crap="2" count="545"/>
      <line num="101" type="stmt" count="545"/>
      <line num="102" type="stmt" count="1"/>
      <line num="105" type="stmt" count="545"/>
      <line num="107" type="stmt" count="545"/>
      <line num="110" type="method" name="setPaginationMethod" visibility="public" complexity="1" crap="1" count="1"/>
      <line num="112" type="stmt" count="1"/>
      <line num="114" type="stmt" count="1"/>
      <metrics loc="117" ncloc="111" classes="1" methods="14" coveredmethods="14" conditionals="0" coveredconditionals="0" statements="30" coveredstatements="30" elements="44" coveredelements="44"/>
    </file>
    <file name="/var/www/laravel-livewire-tables-v3/src/Traits/Configuration/RefreshConfiguration.php">
      <class name="Rappasoft\LaravelLivewireTables\Traits\Configuration\RefreshConfiguration" namespace="global">
        <metrics complexity="4" methods="4" coveredmethods="4" conditionals="0" coveredconditionals="0" statements="8" coveredstatements="8" elements="12" coveredelements="12"/>
      </class>
      <line num="7" type="method" name="setRefreshTime" visibility="public" complexity="1" crap="1" count="3"/>
      <line num="9" type="stmt" count="3"/>
      <line num="11" type="stmt" count="3"/>
      <line num="14" type="method" name="setRefreshKeepAlive" visibility="public" complexity="1" crap="1" count="4"/>
      <line num="16" type="stmt" count="4"/>
      <line num="18" type="stmt" count="4"/>
      <line num="21" type="method" name="setRefreshVisible" visibility="public" complexity="1" crap="1" count="3"/>
      <line num="23" type="stmt" count="3"/>
      <line num="25" type="stmt" count="3"/>
      <line num="28" type="method" name="setRefreshMethod" visibility="public" complexity="1" crap="1" count="3"/>
      <line num="30" type="stmt" count="3"/>
      <line num="32" type="stmt" count="3"/>
      <metrics loc="35" ncloc="35" classes="1" methods="4" coveredmethods="4" conditionals="0" coveredconditionals="0" statements="8" coveredstatements="8" elements="12" coveredelements="12"/>
    </file>
    <file name="/var/www/laravel-livewire-tables-v3/src/Traits/Configuration/ReorderingConfiguration.php">
      <class name="Rappasoft\LaravelLivewireTables\Traits\Configuration\ReorderingConfiguration" namespace="global">
        <metrics complexity="12" methods="12" coveredmethods="11" conditionals="0" coveredconditionals="0" statements="25" coveredstatements="23" elements="37" coveredelements="34"/>
      </class>
      <line num="7" type="method" name="setReorderStatus" visibility="public" complexity="1" crap="1" count="18"/>
      <line num="9" type="stmt" count="18"/>
      <line num="11" type="stmt" count="18"/>
      <line num="14" type="method" name="setReorderEnabled" visibility="public" complexity="1" crap="1" count="18"/>
      <line num="16" type="stmt" count="18"/>
      <line num="18" type="stmt" count="18"/>
      <line num="21" type="method" name="setReorderDisabled" visibility="public" complexity="1" crap="1" count="2"/>
      <line num="23" type="stmt" count="2"/>
      <line num="25" type="stmt" count="2"/>
      <line num="28" type="method" name="setCurrentlyReorderingStatus" visibility="public" complexity="1" crap="1" count="18"/>
      <line num="30" type="stmt" count="18"/>
      <line num="32" type="stmt" count="18"/>
      <line num="35" type="method" name="setCurrentlyReorderingEnabled" visibility="public" complexity="1" crap="1" count="18"/>
      <line num="37" type="stmt" count="18"/>
      <line num="39" type="stmt" count="18"/>
      <line num="42" type="method" name="setCurrentlyReorderingDisabled" visibility="public" complexity="1" crap="1" count="10"/>
      <line num="44" type="stmt" count="10"/>
      <line num="46" type="stmt" count="10"/>
      <line num="49" type="method" name="setHideReorderColumnUnlessReorderingStatus" visibility="public" complexity="1" crap="1" count="2"/>
      <line num="51" type="stmt" count="2"/>
      <line num="53" type="stmt" count="2"/>
      <line num="56" type="method" name="setHideReorderColumnUnlessReorderingEnabled" visibility="public" complexity="1" crap="1" count="2"/>
      <line num="58" type="stmt" count="2"/>
      <line num="60" type="stmt" count="2"/>
      <line num="63" type="method" name="setHideReorderColumnUnlessReorderingDisabled" visibility="public" complexity="1" crap="1" count="2"/>
      <line num="65" type="stmt" count="2"/>
      <line num="67" type="stmt" count="2"/>
      <line num="70" type="method" name="setReorderMethod" visibility="public" complexity="1" crap="1" count="1"/>
      <line num="72" type="stmt" count="1"/>
      <line num="74" type="stmt" count="1"/>
      <line num="77" type="method" name="setDefaultReorderSort" visibility="public" complexity="1" crap="1" count="1"/>
      <line num="79" type="stmt" count="1"/>
      <line num="80" type="stmt" count="1"/>
      <line num="82" type="stmt" count="1"/>
      <line num="85" type="method" name="setReorderCurrentPageOnly" visibility="public" complexity="1" crap="2" count="0"/>
      <line num="87" type="stmt" count="0"/>
      <line num="89" type="stmt" count="0"/>
      <metrics loc="92" ncloc="92" classes="1" methods="12" coveredmethods="11" conditionals="0" coveredconditionals="0" statements="25" coveredstatements="23" elements="37" coveredelements="34"/>
    </file>
    <file name="/var/www/laravel-livewire-tables-v3/src/Traits/Configuration/SearchConfiguration.php">
      <class name="Rappasoft\LaravelLivewireTables\Traits\Configuration\SearchConfiguration" namespace="global">
        <metrics complexity="23" methods="11" coveredmethods="9" conditionals="0" coveredconditionals="0" statements="31" coveredstatements="29" elements="42" coveredelements="38"/>
      </class>
      <line num="9" type="method" name="setSearch" visibility="public" complexity="1" crap="1" count="5"/>
      <line num="11" type="stmt" count="5"/>
      <line num="13" type="stmt" count="5"/>
      <line num="16" type="method" name="setSearchStatus" visibility="public" complexity="1" crap="1" count="19"/>
      <line num="18" type="stmt" count="19"/>
      <line num="20" type="stmt" count="19"/>
      <line num="23" type="method" name="setSearchEnabled" visibility="public" complexity="1" crap="1" count="2"/>
      <line num="25" type="stmt" count="2"/>
      <line num="27" type="stmt" count="2"/>
      <line num="33" type="method" name="setSearchDisabled" visibility="public" complexity="1" crap="1" count="19"/>
      <line num="35" type="stmt" count="19"/>
      <line num="36" type="stmt" count="19"/>
      <line num="38" type="stmt" count="19"/>
      <line num="41" type="method" name="setSearchVisibilityStatus" visibility="public" complexity="1" crap="1" count="3"/>
      <line num="43" type="stmt" count="3"/>
      <line num="45" type="stmt" count="3"/>
      <line num="48" type="method" name="setSearchVisibilityEnabled" visibility="public" complexity="1" crap="1" count="2"/>
      <line num="50" type="stmt" count="2"/>
      <line num="52" type="stmt" count="2"/>
      <line num="55" type="method" name="setSearchVisibilityDisabled" visibility="public" complexity="1" crap="1" count="3"/>
      <line num="57" type="stmt" count="3"/>
      <line num="59" type="stmt" count="3"/>
      <line num="65" type="method" name="setSearchDebounce" visibility="public" complexity="4" crap="4" count="7"/>
      <line num="67" type="stmt" count="7"/>
      <line num="68" type="stmt" count="3"/>
      <line num="71" type="stmt" count="4"/>
      <line num="73" type="stmt" count="4"/>
      <line num="79" type="method" name="setSearchDefer" visibility="public" complexity="4" crap="4" count="5"/>
      <line num="81" type="stmt" count="5"/>
      <line num="82" type="stmt" count="1"/>
      <line num="85" type="stmt" count="4"/>
      <line num="87" type="stmt" count="4"/>
      <line num="93" type="method" name="setSearchLive" visibility="public" complexity="4" crap="4.25" count="3"/>
      <line num="95" type="stmt" count="3"/>
      <line num="96" type="stmt" count="0"/>
      <line num="99" type="stmt" count="3"/>
      <line num="101" type="stmt" count="3"/>
      <line num="107" type="method" name="setSearchLazy" visibility="public" complexity="4" crap="4.25" count="4"/>
      <line num="109" type="stmt" count="4"/>
      <line num="110" type="stmt" count="0"/>
      <line num="113" type="stmt" count="4"/>
      <line num="115" type="stmt" count="4"/>
      <metrics loc="118" ncloc="103" classes="1" methods="11" coveredmethods="9" conditionals="0" coveredconditionals="0" statements="31" coveredstatements="29" elements="42" coveredelements="38"/>
    </file>
    <file name="/var/www/laravel-livewire-tables-v3/src/Traits/Configuration/SecondaryHeaderConfiguration.php">
      <class name="Rappasoft\LaravelLivewireTables\Traits\Configuration\SecondaryHeaderConfiguration" namespace="global">
        <metrics complexity="5" methods="5" coveredmethods="5" conditionals="0" coveredconditionals="0" statements="10" coveredstatements="10" elements="15" coveredelements="15"/>
      </class>
      <line num="7" type="method" name="setSecondaryHeaderStatus" visibility="public" complexity="1" crap="1" count="18"/>
      <line num="9" type="stmt" count="18"/>
      <line num="11" type="stmt" count="18"/>
      <line num="14" type="method" name="setSecondaryHeaderEnabled" visibility="public" complexity="1" crap="1" count="2"/>
      <line num="16" type="stmt" count="2"/>
      <line num="18" type="stmt" count="2"/>
      <line num="21" type="method" name="setSecondaryHeaderDisabled" visibility="public" complexity="1" crap="1" count="18"/>
      <line num="23" type="stmt" count="18"/>
      <line num="25" type="stmt" count="18"/>
      <line num="28" type="method" name="setSecondaryHeaderTrAttributes" visibility="public" complexity="1" crap="1" count="1"/>
      <line num="30" type="stmt" count="1"/>
      <line num="32" type="stmt" count="1"/>
      <line num="35" type="method" name="setSecondaryHeaderTdAttributes" visibility="public" complexity="1" crap="1" count="1"/>
      <line num="37" type="stmt" count="1"/>
      <line num="39" type="stmt" count="1"/>
      <metrics loc="42" ncloc="42" classes="1" methods="5" coveredmethods="5" conditionals="0" coveredconditionals="0" statements="10" coveredstatements="10" elements="15" coveredelements="15"/>
    </file>
    <file name="/var/www/laravel-livewire-tables-v3/src/Traits/Configuration/SortingConfiguration.php">
      <class name="Rappasoft\LaravelLivewireTables\Traits\Configuration\SortingConfiguration" namespace="global">
        <metrics complexity="12" methods="12" coveredmethods="12" conditionals="0" coveredconditionals="0" statements="28" coveredstatements="28" elements="40" coveredelements="40"/>
      </class>
      <line num="7" type="method" name="setSortingStatus" visibility="public" complexity="1" crap="1" count="20"/>
      <line num="9" type="stmt" count="20"/>
      <line num="11" type="stmt" count="20"/>
      <line num="14" type="method" name="setSortingEnabled" visibility="public" complexity="1" crap="1" count="1"/>
      <line num="16" type="stmt" count="1"/>
      <line num="18" type="stmt" count="1"/>
      <line num="21" type="method" name="setSortingDisabled" visibility="public" complexity="1" crap="1" count="20"/>
      <line num="23" type="stmt" count="20"/>
      <line num="24" type="stmt" count="20"/>
      <line num="26" type="stmt" count="20"/>
      <line num="29" type="method" name="setSingleSortingStatus" visibility="public" complexity="1" crap="1" count="4"/>
      <line num="31" type="stmt" count="4"/>
      <line num="33" type="stmt" count="4"/>
      <line num="36" type="method" name="setSingleSortingEnabled" visibility="public" complexity="1" crap="1" count="2"/>
      <line num="38" type="stmt" count="2"/>
      <line num="40" type="stmt" count="2"/>
      <line num="43" type="method" name="setSingleSortingDisabled" visibility="public" complexity="1" crap="1" count="4"/>
      <line num="45" type="stmt" count="4"/>
      <line num="47" type="stmt" count="4"/>
      <line num="50" type="method" name="setDefaultSort" visibility="public" complexity="1" crap="1" count="4"/>
      <line num="52" type="stmt" count="4"/>
      <line num="53" type="stmt" count="4"/>
      <line num="55" type="stmt" count="4"/>
      <line num="58" type="method" name="removeDefaultSort" visibility="public" complexity="1" crap="1" count="1"/>
      <line num="60" type="stmt" count="1"/>
      <line num="61" type="stmt" count="1"/>
      <line num="63" type="stmt" count="1"/>
      <line num="66" type="method" name="setSortingPillsStatus" visibility="public" complexity="1" crap="1" count="19"/>
      <line num="68" type="stmt" count="19"/>
      <line num="70" type="stmt" count="19"/>
      <line num="73" type="method" name="setSortingPillsEnabled" visibility="public" complexity="1" crap="1" count="2"/>
      <line num="75" type="stmt" count="2"/>
      <line num="77" type="stmt" count="2"/>
      <line num="80" type="method" name="setSortingPillsDisabled" visibility="public" complexity="1" crap="1" count="19"/>
      <line num="82" type="stmt" count="19"/>
      <line num="84" type="stmt" count="19"/>
      <line num="87" type="method" name="setDefaultSortingLabels" visibility="public" complexity="1" crap="1" count="1"/>
      <line num="89" type="stmt" count="1"/>
      <line num="90" type="stmt" count="1"/>
      <line num="92" type="stmt" count="1"/>
      <metrics loc="95" ncloc="95" classes="1" methods="12" coveredmethods="12" conditionals="0" coveredconditionals="0" statements="28" coveredstatements="28" elements="40" coveredelements="40"/>
    </file>
    <file name="/var/www/laravel-livewire-tables-v3/src/Traits/Helpers/BulkActionsHelpers.php">
      <class name="Rappasoft\LaravelLivewireTables\Traits\Helpers\BulkActionsHelpers" namespace="global">
        <metrics complexity="27" methods="21" coveredmethods="21" conditionals="0" coveredconditionals="0" statements="33" coveredstatements="33" elements="54" coveredelements="54"/>
      </class>
      <line num="7" type="method" name="getBulkActionsStatus" visibility="public" complexity="1" crap="1" count="80"/>
      <line num="9" type="stmt" count="80"/>
      <line num="12" type="method" name="bulkActionsAreEnabled" visibility="public" complexity="1" crap="1" count="79"/>
      <line num="14" type="stmt" count="79"/>
      <line num="17" type="method" name="bulkActionsAreDisabled" visibility="public" complexity="1" crap="1" count="1"/>
      <line num="19" type="stmt" count="1"/>
      <line num="22" type="method" name="getSelectAllStatus" visibility="public" complexity="1" crap="1" count="21"/>
      <line num="24" type="stmt" count="21"/>
      <line num="27" type="method" name="selectAllIsEnabled" visibility="public" complexity="1" crap="1" count="9"/>
      <line num="29" type="stmt" count="9"/>
      <line num="32" type="method" name="selectAllIsDisabled" visibility="public" complexity="1" crap="1" count="3"/>
      <line num="34" type="stmt" count="3"/>
      <line num="37" type="method" name="getHideBulkActionsWhenEmptyStatus" visibility="public" complexity="1" crap="1" count="3"/>
      <line num="39" type="stmt" count="3"/>
      <line num="42" type="method" name="hideBulkActionsWhenEmptyIsEnabled" visibility="public" complexity="1" crap="1" count="2"/>
      <line num="44" type="stmt" count="2"/>
      <line num="47" type="method" name="hideBulkActionsWhenEmptyIsDisabled" visibility="public" complexity="1" crap="1" count="1"/>
      <line num="49" type="stmt" count="1"/>
      <line num="52" type="method" name="hasBulkActions" visibility="public" complexity="1" crap="1" count="79"/>
      <line num="54" type="stmt" count="79"/>
      <line num="60" type="method" name="getBulkActions" visibility="public" complexity="1" crap="1" count="6"/>
      <line num="62" type="stmt" count="6"/>
      <line num="65" type="method" name="showBulkActionsDropdown" visibility="public" complexity="5" crap="5" count="1"/>
      <line num="67" type="stmt" count="1"/>
      <line num="69" type="stmt" count="1"/>
      <line num="70" type="stmt" count="1"/>
      <line num="71" type="stmt" count="1"/>
      <line num="74" type="stmt" count="1"/>
      <line num="75" type="stmt" count="1"/>
      <line num="76" type="stmt" count="1"/>
      <line num="78" type="stmt" count="1"/>
      <line num="83" type="stmt" count="1"/>
      <line num="90" type="method" name="setSelected" visibility="public" complexity="1" crap="1" count="30"/>
      <line num="92" type="stmt" count="30"/>
      <line num="98" type="method" name="getSelected" visibility="public" complexity="1" crap="1" count="23"/>
      <line num="100" type="stmt" count="23"/>
      <line num="103" type="method" name="hasSelected" visibility="public" complexity="1" crap="1" count="2"/>
      <line num="105" type="stmt" count="2"/>
      <line num="108" type="method" name="getSelectedCount" visibility="public" complexity="1" crap="1" count="4"/>
      <line num="110" type="stmt" count="4"/>
      <line num="116" type="method" name="clearSelected" visibility="public" complexity="1" crap="1" count="24"/>
      <line num="118" type="stmt" count="24"/>
      <line num="119" type="stmt" count="24"/>
      <line num="125" type="method" name="updatedSelected" visibility="public" complexity="1" crap="1" count="1"/>
      <line num="127" type="stmt" count="1"/>
      <line num="133" type="method" name="updatedSelectAll" visibility="public" complexity="2" crap="2" count="1"/>
      <line num="135" type="stmt" count="1"/>
      <line num="136" type="stmt" count="1"/>
      <line num="138" type="stmt" count="1"/>
      <line num="145" type="method" name="setAllSelected" visibility="public" complexity="1" crap="1" count="3"/>
      <line num="147" type="stmt" count="3"/>
      <line num="148" type="stmt" count="3"/>
      <line num="151" type="method" name="showBulkActionsDropdownAlpine" visibility="public" complexity="2" crap="2" count="77"/>
      <line num="153" type="stmt" count="77"/>
      <metrics loc="156" ncloc="134" classes="1" methods="21" coveredmethods="21" conditionals="0" coveredconditionals="0" statements="33" coveredstatements="33" elements="54" coveredelements="54"/>
    </file>
    <file name="/var/www/laravel-livewire-tables-v3/src/Traits/Helpers/ColumnHelpers.php">
      <class name="Rappasoft\LaravelLivewireTables\Traits\Helpers\ColumnHelpers" namespace="global">
        <metrics complexity="25" methods="22" coveredmethods="22" conditionals="0" coveredconditionals="0" statements="58" coveredstatements="58" elements="80" coveredelements="80"/>
      </class>
      <line num="13" type="method" name="setColumns" visibility="public" complexity="3" crap="3" count="545"/>
      <line num="15" type="stmt" count="545"/>
      <line num="16" type="stmt" count="545"/>
      <line num="17" type="stmt" count="545"/>
      <line num="18" type="stmt" count="545"/>
      <line num="20" type="stmt" count="545"/>
      <line num="21" type="stmt" count="545"/>
      <line num="22" type="stmt" count="545"/>
      <line num="24" type="stmt" count="545"/>
      <line num="28" type="stmt" count="545"/>
      <line num="29" type="stmt" count="545"/>
      <line num="31" type="stmt" count="545"/>
      <line num="34" type="method" name="getColumns" visibility="public" complexity="1" crap="1" count="545"/>
      <line num="36" type="stmt" count="545"/>
      <line num="39" type="method" name="getColumn" visibility="public" complexity="1" crap="1" count="1"/>
      <line num="41" type="stmt" count="1"/>
      <line num="42" type="stmt" count="1"/>
      <line num="43" type="stmt" count="1"/>
      <line num="46" type="method" name="getColumnBySelectName" visibility="public" complexity="1" crap="1" count="31"/>
      <line num="48" type="stmt" count="31"/>
      <line num="49" type="stmt" count="31"/>
      <line num="50" type="stmt" count="31"/>
      <line num="53" type="method" name="getColumnBySlug" visibility="public" complexity="1" crap="1" count="3"/>
      <line num="55" type="stmt" count="3"/>
      <line num="56" type="stmt" count="3"/>
      <line num="57" type="stmt" count="3"/>
      <line num="63" type="method" name="getColumnRelations" visibility="public" complexity="1" crap="1" count="1"/>
      <line num="65" type="stmt" count="1"/>
      <line num="66" type="stmt" count="1"/>
      <line num="67" type="stmt" count="1"/>
      <line num="68" type="stmt" count="1"/>
      <line num="69" type="stmt" count="1"/>
      <line num="75" type="method" name="getColumnRelationStrings" visibility="public" complexity="1" crap="1" count="1"/>
      <line num="77" type="stmt" count="1"/>
      <line num="78" type="stmt" count="1"/>
      <line num="79" type="stmt" count="1"/>
      <line num="80" type="stmt" count="1"/>
      <line num="81" type="stmt" count="1"/>
      <line num="84" type="method" name="getSelectableColumns" visibility="public" complexity="1" crap="1" count="545"/>
      <line num="86" type="stmt" count="545"/>
      <line num="87" type="stmt" count="545"/>
      <line num="88" type="stmt" count="545"/>
      <line num="91" type="method" name="getSearchableColumns" visibility="public" complexity="2" crap="2" count="4"/>
      <line num="93" type="stmt" count="4"/>
      <line num="94" type="stmt" count="4"/>
      <line num="95" type="stmt" count="4"/>
      <line num="98" type="method" name="getColumnCount" visibility="public" complexity="1" crap="1" count="1"/>
      <line num="100" type="stmt" count="1"/>
      <line num="103" type="method" name="hasCollapsedColumns" visibility="public" complexity="1" crap="1" count="78"/>
      <line num="105" type="stmt" count="78"/>
      <line num="108" type="method" name="shouldCollapseOnMobile" visibility="public" complexity="1" crap="1" count="79"/>
      <line num="110" type="stmt" count="79"/>
      <line num="113" type="method" name="getCollapsedMobileColumns" visibility="public" complexity="1" crap="1" count="81"/>
      <line num="115" type="stmt" count="81"/>
      <line num="116" type="stmt" count="81"/>
      <line num="117" type="stmt" count="81"/>
      <line num="120" type="method" name="getCollapsedMobileColumnsCount" visibility="public" complexity="1" crap="1" count="80"/>
      <line num="122" type="stmt" count="80"/>
      <line num="125" type="method" name="getVisibleMobileColumns" visibility="public" complexity="1" crap="1" count="2"/>
      <line num="127" type="stmt" count="2"/>
      <line num="128" type="stmt" count="2"/>
      <line num="129" type="stmt" count="2"/>
      <line num="132" type="method" name="getVisibleMobileColumnsCount" visibility="public" complexity="1" crap="1" count="1"/>
      <line num="134" type="stmt" count="1"/>
      <line num="137" type="method" name="shouldCollapseOnTablet" visibility="public" complexity="1" crap="1" count="79"/>
      <line num="139" type="stmt" count="79"/>
      <line num="142" type="method" name="getCollapsedTabletColumns" visibility="public" complexity="1" crap="1" count="81"/>
      <line num="144" type="stmt" count="81"/>
      <line num="145" type="stmt" count="81"/>
      <line num="146" type="stmt" count="81"/>
      <line num="149" type="method" name="getCollapsedTabletColumnsCount" visibility="public" complexity="1" crap="1" count="80"/>
      <line num="151" type="stmt" count="80"/>
      <line num="154" type="method" name="getVisibleTabletColumns" visibility="public" complexity="1" crap="1" count="2"/>
      <line num="156" type="stmt" count="2"/>
      <line num="157" type="stmt" count="2"/>
      <line num="158" type="stmt" count="2"/>
      <line num="161" type="method" name="getVisibleTabletColumnsCount" visibility="public" complexity="1" crap="1" count="1"/>
      <line num="163" type="stmt" count="1"/>
      <line num="166" type="method" name="getColspanCount" visibility="public" complexity="1" crap="1" count="15"/>
      <line num="168" type="stmt" count="15"/>
      <metrics loc="171" ncloc="162" classes="1" methods="22" coveredmethods="22" conditionals="0" coveredconditionals="0" statements="58" coveredstatements="58" elements="80" coveredelements="80"/>
    </file>
    <file name="/var/www/laravel-livewire-tables-v3/src/Traits/Helpers/ColumnSelectHelpers.php">
      <class name="Rappasoft\LaravelLivewireTables\Traits\Helpers\ColumnSelectHelpers" namespace="global">
        <metrics complexity="14" methods="13" coveredmethods="13" conditionals="0" coveredconditionals="0" statements="15" coveredstatements="15" elements="28" coveredelements="28"/>
      </class>
      <line num="9" type="method" name="getColumnSelectStatus" visibility="public" complexity="1" crap="1" count="545"/>
      <line num="11" type="stmt" count="545"/>
      <line num="14" type="method" name="columnSelectIsEnabled" visibility="public" complexity="1" crap="1" count="78"/>
      <line num="16" type="stmt" count="78"/>
      <line num="19" type="method" name="columnSelectIsDisabled" visibility="public" complexity="1" crap="1" count="545"/>
      <line num="21" type="stmt" count="545"/>
      <line num="24" type="method" name="getRememberColumnSelectionStatus" visibility="public" complexity="1" crap="1" count="545"/>
      <line num="26" type="stmt" count="545"/>
      <line num="29" type="method" name="rememberColumnSelectionIsEnabled" visibility="public" complexity="1" crap="1" count="1"/>
      <line num="31" type="stmt" count="1"/>
      <line num="34" type="method" name="rememberColumnSelectionIsDisabled" visibility="public" complexity="1" crap="1" count="545"/>
      <line num="36" type="stmt" count="545"/>
      <line num="42" type="method" name="columnSelectIsEnabledForColumn" visibility="public" complexity="2" crap="2" count="77"/>
      <line num="44" type="stmt" count="77"/>
      <line num="50" type="method" name="forgetColumnSelectSession" visibility="protected" complexity="1" crap="1" count="1"/>
      <line num="52" type="stmt" count="1"/>
      <line num="58" type="method" name="getColumnSelectSessionKey" visibility="protected" complexity="1" crap="1" count="545"/>
      <line num="60" type="stmt" count="545"/>
      <line num="63" type="method" name="setColumnSelectHiddenOnMobile" visibility="public" complexity="1" crap="1" count="1"/>
      <line num="65" type="stmt" count="1"/>
      <line num="67" type="stmt" count="1"/>
      <line num="70" type="method" name="getColumnSelectIsHiddenOnTablet" visibility="public" complexity="1" crap="1" count="79"/>
      <line num="72" type="stmt" count="79"/>
      <line num="75" type="method" name="setColumnSelectHiddenOnTablet" visibility="public" complexity="1" crap="1" count="1"/>
      <line num="77" type="stmt" count="1"/>
      <line num="79" type="stmt" count="1"/>
      <line num="82" type="method" name="getColumnSelectIsHiddenOnMobile" visibility="public" complexity="1" crap="1" count="79"/>
      <line num="84" type="stmt" count="79"/>
      <metrics loc="87" ncloc="78" classes="1" methods="13" coveredmethods="13" conditionals="0" coveredconditionals="0" statements="15" coveredstatements="15" elements="28" coveredelements="28"/>
    </file>
    <file name="/var/www/laravel-livewire-tables-v3/src/Traits/Helpers/ComponentHelpers.php">
      <class name="Rappasoft\LaravelLivewireTables\Traits\Helpers\ComponentHelpers" namespace="global">
        <metrics complexity="74" methods="52" coveredmethods="51" conditionals="0" coveredconditionals="0" statements="62" coveredstatements="61" elements="114" coveredelements="112"/>
      </class>
      <line num="11" type="method" name="getDataTableFingerprint" visibility="public" complexity="1" crap="1" count="545"/>
      <line num="13" type="stmt" count="545"/>
      <line num="16" type="method" name="getQueryStringAlias" visibility="public" complexity="1" crap="1" count="80"/>
      <line num="18" type="stmt" count="80"/>
      <line num="21" type="method" name="setBuilder" visibility="public" complexity="1" crap="1" count="545"/>
      <line num="23" type="stmt" count="545"/>
      <line num="26" type="method" name="getBuilder" visibility="public" complexity="1" crap="1" count="545"/>
      <line num="28" type="stmt" count="545"/>
      <line num="31" type="method" name="hasPrimaryKey" visibility="public" complexity="1" crap="1" count="545"/>
      <line num="33" type="stmt" count="545"/>
      <line num="39" type="method" name="getPrimaryKey" visibility="public" complexity="1" crap="1" count="545"/>
      <line num="41" type="stmt" count="545"/>
      <line num="47" type="method" name="getRelationships" visibility="public" complexity="1" crap="1" count="545"/>
      <line num="49" type="stmt" count="545"/>
      <line num="52" type="method" name="hasModel" visibility="public" complexity="1" crap="1" count="545"/>
      <line num="54" type="stmt" count="545"/>
      <line num="60" type="method" name="getModel" visibility="public" complexity="1" crap="1" count="545"/>
      <line num="62" type="stmt" count="545"/>
      <line num="65" type="method" name="setTheme" visibility="public" complexity="3" crap="3.33" count="77"/>
      <line num="67" type="stmt" count="77"/>
      <line num="69" type="stmt" count="77"/>
      <line num="70" type="stmt" count="0"/>
      <line num="74" type="method" name="getTheme" visibility="public" complexity="1" crap="1" count="79"/>
      <line num="76" type="stmt" count="79"/>
      <line num="79" type="method" name="isTailwind" visibility="public" complexity="1" crap="1" count="78"/>
      <line num="81" type="stmt" count="78"/>
      <line num="84" type="method" name="isBootstrap" visibility="public" complexity="2" crap="2" count="77"/>
      <line num="86" type="stmt" count="77"/>
      <line num="89" type="method" name="isBootstrap4" visibility="public" complexity="1" crap="1" count="77"/>
      <line num="91" type="stmt" count="77"/>
      <line num="94" type="method" name="isBootstrap5" visibility="public" complexity="1" crap="1" count="77"/>
      <line num="96" type="stmt" count="77"/>
      <line num="102" type="method" name="getComponentWrapperAttributes" visibility="public" complexity="2" crap="2" count="78"/>
      <line num="104" type="stmt" count="78"/>
      <line num="110" type="method" name="getTableWrapperAttributes" visibility="public" complexity="2" crap="2" count="78"/>
      <line num="112" type="stmt" count="78"/>
      <line num="118" type="method" name="getTableAttributes" visibility="public" complexity="2" crap="2" count="79"/>
      <line num="120" type="stmt" count="79"/>
      <line num="126" type="method" name="getTheadAttributes" visibility="public" complexity="2" crap="2" count="78"/>
      <line num="128" type="stmt" count="78"/>
      <line num="134" type="method" name="getTbodyAttributes" visibility="public" complexity="2" crap="2" count="78"/>
      <line num="136" type="stmt" count="78"/>
      <line num="142" type="method" name="getThAttributes" visibility="public" complexity="2" crap="2" count="78"/>
      <line num="144" type="stmt" count="78"/>
      <line num="150" type="method" name="getThSortButtonAttributes" visibility="public" complexity="2" crap="2" count="78"/>
      <line num="152" type="stmt" count="78"/>
      <line num="158" type="method" name="getTrAttributes" visibility="public" complexity="2" crap="2" count="78"/>
      <line num="160" type="stmt" count="78"/>
      <line num="166" type="method" name="getTdAttributes" visibility="public" complexity="2" crap="2" count="78"/>
      <line num="168" type="stmt" count="78"/>
      <line num="174" type="method" name="getEmptyMessage" visibility="public" complexity="1" crap="1" count="11"/>
      <line num="176" type="stmt" count="11"/>
      <line num="179" type="method" name="getOfflineIndicatorStatus" visibility="public" complexity="1" crap="1" count="79"/>
      <line num="181" type="stmt" count="79"/>
      <line num="184" type="method" name="offlineIndicatorIsEnabled" visibility="public" complexity="1" crap="1" count="78"/>
      <line num="186" type="stmt" count="78"/>
      <line num="189" type="method" name="offlineIndicatorIsDisabled" visibility="public" complexity="1" crap="1" count="1"/>
      <line num="191" type="stmt" count="1"/>
      <line num="194" type="method" name="getQueryStringStatus" visibility="public" complexity="1" crap="1" count="79"/>
      <line num="196" type="stmt" count="79"/>
      <line num="199" type="method" name="queryStringIsEnabled" visibility="public" complexity="1" crap="1" count="78"/>
      <line num="201" type="stmt" count="78"/>
      <line num="204" type="method" name="queryStringIsDisabled" visibility="public" complexity="1" crap="1" count="1"/>
      <line num="206" type="stmt" count="1"/>
      <line num="209" type="method" name="setTableName" visibility="public" complexity="1" crap="1" count="3"/>
      <line num="211" type="stmt" count="3"/>
      <line num="214" type="method" name="getTableName" visibility="public" complexity="1" crap="1" count="87"/>
      <line num="216" type="stmt" count="87"/>
      <line num="219" type="method" name="isTableNamed" visibility="public" complexity="1" crap="1" count="545"/>
      <line num="221" type="stmt" count="545"/>
      <line num="224" type="method" name="getEagerLoadAllRelationsStatus" visibility="public" complexity="1" crap="1" count="545"/>
      <line num="226" type="stmt" count="545"/>
      <line num="229" type="method" name="eagerLoadAllRelationsIsEnabled" visibility="public" complexity="1" crap="1" count="545"/>
      <line num="231" type="stmt" count="545"/>
      <line num="234" type="method" name="eagerLoadAllRelationsIsDisabled" visibility="public" complexity="1" crap="1" count="1"/>
      <line num="236" type="stmt" count="1"/>
      <line num="239" type="method" name="getCollapsingColumnsStatus" visibility="public" complexity="1" crap="1" count="79"/>
      <line num="241" type="stmt" count="79"/>
      <line num="244" type="method" name="hasCollapsingColumns" visibility="public" complexity="1" crap="1" count="16"/>
      <line num="246" type="stmt" count="16"/>
      <line num="249" type="method" name="collapsingColumnsAreEnabled" visibility="public" complexity="1" crap="1" count="78"/>
      <line num="251" type="stmt" count="78"/>
      <line num="254" type="method" name="collapsingColumnsAreDisabled" visibility="public" complexity="1" crap="1" count="1"/>
      <line num="256" type="stmt" count="1"/>
      <line num="259" type="method" name="hasTableRowUrl" visibility="public" complexity="1" crap="1" count="79"/>
      <line num="261" type="stmt" count="79"/>
      <line num="264" type="method" name="getTableRowUrl" visibility="public" complexity="2" crap="2" count="1"/>
      <line num="266" type="stmt" count="1"/>
      <line num="269" type="method" name="getTableRowUrlTarget" visibility="public" complexity="2" crap="2" count="1"/>
      <line num="271" type="stmt" count="1"/>
      <line num="277" type="method" name="getAdditionalSelects" visibility="public" complexity="1" crap="1" count="545"/>
      <line num="279" type="stmt" count="545"/>
      <line num="285" type="method" name="getConfigurableAreas" visibility="public" complexity="1" crap="1" count="1"/>
      <line num="287" type="stmt" count="1"/>
      <line num="290" type="method" name="hasConfigurableAreaFor" visibility="public" complexity="5" crap="5" count="77"/>
      <line num="292" type="stmt" count="77"/>
      <line num="293" type="stmt" count="16"/>
      <line num="296" type="stmt" count="77"/>
      <line num="302" type="method" name="getConfigurableAreaFor" visibility="public" complexity="2" crap="2" count="1"/>
      <line num="304" type="stmt" count="1"/>
      <line num="306" type="stmt" count="1"/>
      <line num="307" type="stmt" count="1"/>
      <line num="310" type="stmt" count="1"/>
[...]
      <line num="201" type="stmt" count="84"/>
      <line num="204" type="method" name="getSortingPillTitle" visibility="public" complexity="2" crap="2" count="13"/>
      <line num="206" type="stmt" count="13"/>
      <line num="207" type="stmt" count="5"/>
      <line num="210" type="stmt" count="10"/>
      <line num="213" type="method" name="getCustomSortingPillTitle" visibility="public" complexity="1" crap="1" count="14"/>
      <line num="215" type="stmt" count="14"/>
      <line num="218" type="method" name="hasCustomSortingPillTitle" visibility="public" complexity="1" crap="1" count="13"/>
      <line num="220" type="stmt" count="13"/>
      <line num="223" type="method" name="hasCustomSortingPillDirections" visibility="public" complexity="2" crap="2" count="14"/>
      <line num="225" type="stmt" count="14"/>
      <line num="228" type="method" name="getCustomSortingPillDirections" visibility="public" complexity="3" crap="3.07" count="6"/>
      <line num="230" type="stmt" count="6"/>
      <line num="231" type="stmt" count="6"/>
      <line num="234" type="stmt" count="3"/>
      <line num="235" type="stmt" count="3"/>
      <line num="238" type="stmt" count="0"/>
      <line num="241" type="method" name="getSortingPillDirection" visibility="public" complexity="3" crap="3" count="13"/>
      <line num="243" type="stmt" count="13"/>
      <line num="244" type="stmt" count="5"/>
      <line num="247" type="stmt" count="10"/>
      <line num="250" type="method" name="eagerLoadRelationsIsEnabled" visibility="public" complexity="1" crap="1" count="545"/>
      <line num="252" type="stmt" count="545"/>
      <line num="255" type="method" name="isReorderColumn" visibility="public" complexity="1" crap="1" count="78"/>
      <line num="257" type="stmt" count="78"/>
      <line num="260" type="method" name="hasFormatter" visibility="public" complexity="1" crap="1" count="79"/>
      <line num="262" type="stmt" count="79"/>
      <line num="265" type="method" name="getFormatCallback" visibility="public" complexity="1" crap="1" count="1"/>
      <line num="267" type="stmt" count="1"/>
      <line num="271" type="method" name="getLabelCallback" visibility="public" complexity="1" crap="1" count="77"/>
      <line num="273" type="stmt" count="77"/>
      <line num="276" type="method" name="isHtml" visibility="public" complexity="1" crap="1" count="80"/>
      <line num="278" type="stmt" count="80"/>
      <line num="282" type="method" name="view" visibility="public" complexity="1" crap="2" count="0"/>
      <line num="284" type="stmt" count="0"/>
      <line num="285" type="stmt" count="0"/>
      <line num="286" type="stmt" count="0"/>
      <line num="287" type="stmt" count="0"/>
      <line num="288" type="stmt" count="0"/>
      <line num="289" type="stmt" count="0"/>
      <line num="291" type="stmt" count="0"/>
      <line num="294" type="method" name="isVisible" visibility="public" complexity="1" crap="1" count="545"/>
      <line num="296" type="stmt" count="545"/>
      <line num="299" type="method" name="isHidden" visibility="public" complexity="1" crap="1" count="78"/>
      <line num="301" type="stmt" count="78"/>
      <line num="304" type="method" name="isSelectable" visibility="public" complexity="1" crap="1" count="545"/>
      <line num="306" type="stmt" count="545"/>
      <line num="309" type="method" name="isSelected" visibility="public" complexity="1" crap="1" count="545"/>
      <line num="311" type="stmt" count="545"/>
      <line num="314" type="method" name="hasSecondaryHeader" visibility="public" complexity="1" crap="1" count="545"/>
      <line num="316" type="stmt" count="545"/>
      <line num="319" type="method" name="hasSecondaryHeaderCallback" visibility="public" complexity="1" crap="1" count="79"/>
      <line num="321" type="stmt" count="79"/>
      <line num="327" type="method" name="getSecondaryHeaderCallback" visibility="public" complexity="1" crap="1" count="80"/>
      <line num="329" type="stmt" count="80"/>
      <line num="336" type="method" name="getSecondaryHeaderContents" visibility="public" complexity="7" crap="7.01" count="78"/>
      <line num="338" type="stmt" count="78"/>
      <line num="339" type="stmt" count="78"/>
      <line num="341" type="stmt" count="78"/>
      <line num="342" type="stmt" count="78"/>
      <line num="343" type="stmt" count="1"/>
      <line num="344" type="stmt" count="1"/>
      <line num="345" type="stmt" count="1"/>
      <line num="347" type="stmt" count="77"/>
      <line num="348" type="stmt" count="76"/>
      <line num="349" type="stmt" count="77"/>
      <line num="350" type="stmt" count="77"/>
      <line num="352" type="stmt" count="77"/>
      <line num="353" type="stmt" count="77"/>
      <line num="356" type="stmt" count="0"/>
      <line num="360" type="stmt" count="77"/>
      <line num="363" type="method" name="hasFooter" visibility="public" complexity="1" crap="1" count="545"/>
      <line num="365" type="stmt" count="545"/>
      <line num="368" type="method" name="hasFooterCallback" visibility="public" complexity="1" crap="1" count="77"/>
      <line num="370" type="stmt" count="77"/>
      <line num="376" type="method" name="getFooterCallback" visibility="public" complexity="1" crap="1" count="78"/>
      <line num="378" type="stmt" count="78"/>
      <line num="385" type="method" name="getFooterContents" visibility="public" complexity="7" crap="7.01" count="77"/>
      <line num="387" type="stmt" count="77"/>
      <line num="388" type="stmt" count="77"/>
      <line num="390" type="stmt" count="77"/>
      <line num="391" type="stmt" count="77"/>
      <line num="392" type="stmt" count="77"/>
      <line num="394" type="stmt" count="77"/>
      <line num="395" type="stmt" count="77"/>
      <line num="397" type="stmt" count="76"/>
      <line num="398" type="stmt" count="76"/>
      <line num="399" type="stmt" count="76"/>
      <line num="400" type="stmt" count="76"/>
      <line num="402" type="stmt" count="76"/>
      <line num="403" type="stmt" count="76"/>
      <line num="406" type="stmt" count="0"/>
      <line num="410" type="stmt" count="77"/>
      <line num="417" type="method" name="arrayToAttributes" visibility="public" complexity="3" crap="3.07" count="76"/>
      <line num="419" type="stmt" count="76"/>
      <line num="420" type="stmt" count="76"/>
      <line num="421" type="stmt" count="0"/>
      <line num="424" type="stmt" count="76"/>
      <line num="425" type="stmt" count="76"/>
      <line num="428" type="method" name="isClickable" visibility="public" complexity="3" crap="3" count="78"/>
      <line num="430" type="stmt" count="78"/>
      <line num="431" type="stmt" count="78"/>
      <line num="432" type="stmt" count="78"/>
      <line num="435" type="method" name="getCustomSlug" visibility="public" complexity="1" crap="2" count="0"/>
      <line num="437" type="stmt" count="0"/>
      <line num="440" type="method" name="hasCustomSlug" visibility="public" complexity="1" crap="1" count="545"/>
      <line num="442" type="stmt" count="545"/>
      <metrics loc="445" ncloc="419" classes="1" methods="57" coveredmethods="49" conditionals="0" coveredconditionals="0" statements="126" coveredstatements="108" elements="183" coveredelements="157"/>
    </file>
    <file name="/var/www/laravel-livewire-tables-v3/src/Views/Traits/Helpers/ComponentColumnHelpers.php">
      <class name="Rappasoft\LaravelLivewireTables\Views\Traits\Helpers\ComponentColumnHelpers" namespace="global">
        <metrics complexity="6" methods="6" coveredmethods="6" conditionals="0" coveredconditionals="0" statements="6" coveredstatements="6" elements="12" coveredelements="12"/>
      </class>
      <line num="7" type="method" name="getAttributesCallback" visibility="public" complexity="1" crap="1" count="2"/>
      <line num="9" type="stmt" count="2"/>
      <line num="12" type="method" name="hasAttributesCallback" visibility="public" complexity="1" crap="1" count="2"/>
      <line num="14" type="stmt" count="2"/>
      <line num="17" type="method" name="getSlotCallback" visibility="public" complexity="1" crap="1" count="1"/>
      <line num="19" type="stmt" count="1"/>
      <line num="22" type="method" name="hasSlotCallback" visibility="public" complexity="1" crap="1" count="1"/>
      <line num="24" type="stmt" count="1"/>
      <line num="30" type="method" name="getComponentView" visibility="public" complexity="1" crap="1" count="1"/>
      <line num="32" type="stmt" count="1"/>
      <line num="35" type="method" name="hasComponentView" visibility="public" complexity="1" crap="1" count="2"/>
      <line num="37" type="stmt" count="2"/>
      <metrics loc="40" ncloc="37" classes="1" methods="6" coveredmethods="6" conditionals="0" coveredconditionals="0" statements="6" coveredstatements="6" elements="12" coveredelements="12"/>
    </file>
    <file name="/var/www/laravel-livewire-tables-v3/src/Views/Traits/Helpers/FilterHelpers.php">
      <class name="Rappasoft\LaravelLivewireTables\Views\Traits\Helpers\FilterHelpers" namespace="global">
        <metrics complexity="35" methods="34" coveredmethods="31" conditionals="0" coveredconditionals="0" statements="35" coveredstatements="32" elements="69" coveredelements="63"/>
      </class>
      <line num="12" type="method" name="getName" visibility="public" complexity="1" crap="1" count="93"/>
      <line num="14" type="stmt" count="93"/>
      <line num="20" type="method" name="getKey" visibility="public" complexity="1" crap="1" count="545"/>
      <line num="22" type="stmt" count="545"/>
      <line num="30" type="method" name="getConfigs" visibility="public" complexity="1" crap="1" count="104"/>
      <line num="32" type="stmt" count="104"/>
      <line num="40" type="method" name="getConfig" visibility="public" complexity="1" crap="1" count="18"/>
      <line num="42" type="stmt" count="18"/>
      <line num="50" type="method" name="getKeys" visibility="public" complexity="1" crap="2" count="0"/>
      <line num="52" type="stmt" count="0"/>
      <line num="58" type="method" name="getDefaultValue" visibility="public" complexity="1" crap="1" count="83"/>
      <line num="60" type="stmt" count="83"/>
      <line num="63" type="method" name="filter" visibility="public" complexity="1" crap="1" count="545"/>
      <line num="65" type="stmt" count="545"/>
      <line num="67" type="stmt" count="545"/>
      <line num="70" type="method" name="hasFilterCallback" visibility="public" complexity="1" crap="1" count="14"/>
      <line num="72" type="stmt" count="14"/>
      <line num="75" type="method" name="getFilterCallback" visibility="public" complexity="1" crap="1" count="14"/>
      <line num="77" type="stmt" count="14"/>
      <line num="80" type="method" name="getCustomFilterPillTitle" visibility="public" complexity="1" crap="1" count="15"/>
      <line num="82" type="stmt" count="15"/>
      <line num="85" type="method" name="getFilterPillTitle" visibility="public" complexity="1" crap="1" count="15"/>
      <line num="87" type="stmt" count="15"/>
      <line num="93" type="method" name="getFilterPillValue" visibility="public" complexity="1" crap="2" count="0"/>
      <line num="95" type="stmt" count="0"/>
      <line num="101" type="method" name="getCustomFilterPillValues" visibility="public" complexity="1" crap="1" count="10"/>
      <line num="103" type="stmt" count="10"/>
      <line num="106" type="method" name="getCustomFilterPillValue" visibility="public" complexity="1" crap="1" count="10"/>
      <line num="108" type="stmt" count="10"/>
      <line num="111" type="method" name="hasConfigs" visibility="public" complexity="1" crap="1" count="8"/>
      <line num="113" type="stmt" count="8"/>
      <line num="116" type="method" name="hasConfig" visibility="public" complexity="2" crap="2" count="87"/>
      <line num="118" type="stmt" count="87"/>
      <line num="121" type="method" name="isHiddenFromMenus" visibility="public" complexity="1" crap="1" count="86"/>
      <line num="123" type="stmt" count="86"/>
      <line num="126" type="method" name="isVisibleInMenus" visibility="public" complexity="1" crap="1" count="8"/>
      <line num="128" type="stmt" count="8"/>
      <line num="131" type="method" name="isHiddenFromPills" visibility="public" complexity="1" crap="1" count="16"/>
      <line num="133" type="stmt" count="16"/>
      <line num="136" type="method" name="isVisibleInPills" visibility="public" complexity="1" crap="1" count="8"/>
      <line num="138" type="stmt" count="8"/>
      <line num="141" type="method" name="isHiddenFromFilterCount" visibility="public" complexity="1" crap="1" count="16"/>
      <line num="143" type="stmt" count="16"/>
      <line num="146" type="method" name="isVisibleInFilterCount" visibility="public" complexity="1" crap="1" count="8"/>
      <line num="148" type="stmt" count="8"/>
      <line num="151" type="method" name="isResetByClearButton" visibility="public" complexity="1" crap="1" count="11"/>
      <line num="153" type="stmt" count="11"/>
      <line num="159" type="method" name="hasCustomPosition" visibility="public" complexity="1" crap="1" count="77"/>
      <line num="161" type="stmt" count="77"/>
      <line num="167" type="method" name="getCustomPosition" visibility="public" complexity="1" crap="1" count="77"/>
      <line num="169" type="stmt" count="77"/>
      <line num="175" type="method" name="hasCustomFilterLabel" visibility="public" complexity="1" crap="1" count="77"/>
      <line num="177" type="stmt" count="77"/>
      <line num="183" type="method" name="getCustomFilterLabel" visibility="public" complexity="1" crap="1" count="76"/>
      <line num="185" type="stmt" count="76"/>
      <line num="191" type="method" name="getFilterSlidedownRow" visibility="public" complexity="1" crap="1" count="2"/>
      <line num="193" type="stmt" count="2"/>
      <line num="199" type="method" name="hasFilterSlidedownRow" visibility="public" complexity="1" crap="1" count="1"/>
      <line num="201" type="stmt" count="1"/>
      <line num="207" type="method" name="getFilterSlidedownColspan" visibility="public" complexity="1" crap="1" count="2"/>
      <line num="209" type="stmt" count="2"/>
      <line num="215" type="method" name="hasFilterSlidedownColspan" visibility="public" complexity="1" crap="1" count="1"/>
      <line num="217" type="stmt" count="1"/>
      <line num="223" type="method" name="hasCustomPillBlade" visibility="public" complexity="1" crap="1" count="6"/>
      <line num="225" type="stmt" count="6"/>
      <line num="231" type="method" name="getCustomPillBlade" visibility="public" complexity="1" crap="2" count="0"/>
      <line num="233" type="stmt" count="0"/>
      <line num="239" type="method" name="hasFilterDefaultValue" visibility="public" complexity="1" crap="1" count="78"/>
      <line num="241" type="stmt" count="78"/>
      <metrics loc="244" ncloc="181" classes="1" methods="34" coveredmethods="31" conditionals="0" coveredconditionals="0" statements="35" coveredstatements="32" elements="69" coveredelements="63"/>
    </file>
    <file name="/var/www/laravel-livewire-tables-v3/src/Views/Traits/Helpers/ImageColumnHelpers.php">
      <class name="Rappasoft\LaravelLivewireTables\Views\Traits\Helpers\ImageColumnHelpers" namespace="global">
        <metrics complexity="5" methods="5" coveredmethods="5" conditionals="0" coveredconditionals="0" statements="5" coveredstatements="5" elements="10" coveredelements="10"/>
      </class>
      <line num="8" type="method" name="getLocationCallback" visibility="public" complexity="1" crap="1" count="77"/>
      <line num="10" type="stmt" count="77"/>
      <line num="13" type="method" name="hasLocationCallback" visibility="public" complexity="1" crap="1" count="78"/>
      <line num="15" type="stmt" count="78"/>
      <line num="18" type="method" name="getAttributesCallback" visibility="public" complexity="1" crap="1" count="76"/>
      <line num="20" type="stmt" count="76"/>
      <line num="23" type="method" name="hasAttributesCallback" visibility="public" complexity="1" crap="1" count="77"/>
      <line num="25" type="stmt" count="77"/>
      <line num="28" type="method" name="getView" visibility="public" complexity="1" crap="1" count="77"/>
      <line num="30" type="stmt" count="77"/>
      <metrics loc="33" ncloc="32" classes="1" methods="5" coveredmethods="5" conditionals="0" coveredconditionals="0" statements="5" coveredstatements="5" elements="10" coveredelements="10"/>
    </file>
    <file name="/var/www/laravel-livewire-tables-v3/src/Views/Traits/Helpers/LinkColumnHelpers.php">
      <class name="Rappasoft\LaravelLivewireTables\Views\Traits\Helpers\LinkColumnHelpers" namespace="global">
        <metrics complexity="7" methods="7" coveredmethods="7" conditionals="0" coveredconditionals="0" statements="7" coveredstatements="7" elements="14" coveredelements="14"/>
      </class>
      <line num="8" type="method" name="getTitleCallback" visibility="public" complexity="1" crap="1" count="77"/>
      <line num="10" type="stmt" count="77"/>
      <line num="13" type="method" name="hasTitleCallback" visibility="public" complexity="1" crap="1" count="79"/>
      <line num="15" type="stmt" count="79"/>
      <line num="18" type="method" name="getLocationCallback" visibility="public" complexity="1" crap="1" count="77"/>
      <line num="20" type="stmt" count="77"/>
      <line num="23" type="method" name="hasLocationCallback" visibility="public" complexity="1" crap="1" count="78"/>
      <line num="25" type="stmt" count="78"/>
      <line num="28" type="method" name="getAttributesCallback" visibility="public" complexity="1" crap="1" count="76"/>
      <line num="30" type="stmt" count="76"/>
      <line num="33" type="method" name="hasAttributesCallback" visibility="public" complexity="1" crap="1" count="77"/>
      <line num="35" type="stmt" count="77"/>
      <line num="38" type="method" name="getView" visibility="public" complexity="1" crap="1" count="77"/>
      <line num="40" type="stmt" count="77"/>
      <metrics loc="43" ncloc="42" classes="1" methods="7" coveredmethods="7" conditionals="0" coveredconditionals="0" statements="7" coveredstatements="7" elements="14" coveredelements="14"/>
    </file>
    <file name="/var/www/laravel-livewire-tables-v3/src/Views/Traits/Helpers/RelationshipHelpers.php">
      <class name="Rappasoft\LaravelLivewireTables\Views\Traits\Helpers\RelationshipHelpers" namespace="global">
        <metrics complexity="6" methods="4" coveredmethods="4" conditionals="0" coveredconditionals="0" statements="6" coveredstatements="6" elements="10" coveredelements="10"/>
      </class>
      <line num="9" type="method" name="isBaseColumn" visibility="public" complexity="2" crap="2" count="545"/>
      <line num="11" type="stmt" count="545"/>
      <line num="14" type="method" name="hasRelations" visibility="public" complexity="1" crap="1" count="545"/>
      <line num="16" type="stmt" count="545"/>
      <line num="19" type="method" name="getRelations" visibility="public" complexity="1" crap="1" count="545"/>
      <line num="21" type="stmt" count="545"/>
      <line num="24" type="method" name="getRelationString" visibility="public" complexity="2" crap="2" count="545"/>
      <line num="26" type="stmt" count="545"/>
      <line num="27" type="stmt" count="545"/>
      <line num="30" type="stmt" count="31"/>
      <metrics loc="33" ncloc="33" classes="1" methods="4" coveredmethods="4" conditionals="0" coveredconditionals="0" statements="6" coveredstatements="6" elements="10" coveredelements="10"/>
    </file>
    <metrics files="78" loc="6917" ncloc="6362" classes="75" methods="690" coveredmethods="604" conditionals="0" coveredconditionals="0" statements="1732" coveredstatements="1442" elements="2422" coveredelements="2046"/>
  </project>
</coverage>
